#
# There is insufficient memory for the Java Runtime Environment to continue.
# Native memory allocation (malloc) failed to allocate 804016 bytes for Chunk::new
# Possible reasons:
#   The system is out of physical RAM or swap space
#   The process is running with CompressedOops enabled, and the Java Heap may be blocking the growth of the native heap
# Possible solutions:
#   Reduce memory load on the system
#   Increase physical memory or swap space
#   Check if swap backing store is full
#   Decrease Java heap size (-Xmx/-Xms)
#   Decrease number of Java threads
#   Decrease Java thread stack sizes (-Xss)
#   Set larger code cache with -XX:ReservedCodeCacheSize=
#   JVM is running with Unscaled Compressed Oops mode in which the Java heap is
#     placed in the first 4GB address space. The Java Heap base address is the
#     maximum limit for the native heap growth. Please use -XX:HeapBaseMinAddress
#     to set the Java Heap base and to place the Java Heap above 4GB virtual address.
# This output file may be truncated or incomplete.
#
#  Out of Memory Error (allocation.cpp:389), pid=16140, tid=0x00000000000038a8
#
# JRE version: OpenJDK Runtime Environment (8.0_202-b03) (build 1.8.0_202-release-1483-b03)
# Java VM: OpenJDK 64-Bit Server VM (25.202-b03 mixed mode windows-amd64 compressed oops)
# Failed to write core dump. Minidumps are not enabled by default on client versions of Windows
#

---------------  T H R E A D  ---------------

Current thread (0x0000000017fff000):  JavaThread "C2 CompilerThread1" daemon [_thread_in_native, id=14504, stack(0x00000000189e0000,0x0000000018ae0000)]

Stack: [0x00000000189e0000,0x0000000018ae0000]
[error occurred during error reporting (printing stack bounds), id 0xc0000005]

Native frames: (J=compiled Java code, j=interpreted, Vv=VM code, C=native code)


Current CompileTask:
C2:3720071 15328 %     4       com.android.tools.r8.dex.DexParser::a @ 59 (1971 bytes)


---------------  P R O C E S S  ---------------

Java Threads: ( => current thread )
  0x0000000021466800 JavaThread "ForkJoinPool-4-worker-0" daemon [_thread_blocked, id=12616, stack(0x0000000029d50000,0x0000000029e50000)]
  0x0000000021465800 JavaThread "ForkJoinPool-4-worker-7" daemon [_thread_blocked, id=17936, stack(0x0000000029c50000,0x0000000029d50000)]
  0x000000002145f000 JavaThread "ForkJoinPool-4-worker-6" daemon [_thread_blocked, id=15752, stack(0x0000000029b50000,0x0000000029c50000)]
  0x000000002145f800 JavaThread "ForkJoinPool-4-worker-5" daemon [_thread_blocked, id=17220, stack(0x0000000029a50000,0x0000000029b50000)]
  0x0000000021465000 JavaThread "ForkJoinPool-4-worker-4" daemon [_thread_blocked, id=18404, stack(0x0000000029950000,0x0000000029a50000)]
  0x0000000021462800 JavaThread "ForkJoinPool-4-worker-3" daemon [_thread_blocked, id=10636, stack(0x0000000029850000,0x0000000029950000)]
  0x0000000021463800 JavaThread "ForkJoinPool-4-worker-2" daemon [_thread_blocked, id=10868, stack(0x0000000029750000,0x0000000029850000)]
  0x0000000021461000 JavaThread "ForkJoinPool-4-worker-1" daemon [_thread_blocked, id=15052, stack(0x0000000029650000,0x0000000029750000)]
  0x000000001d492000 JavaThread "Cache worker for Java compile cache (C:\Users\Alba\AndroidStudioProjects\Vachileski_Mobi\.gradle\5.4.1\javaCompile)" [_thread_blocked, id=16992, stack(0x0000000028950000,0x0000000028a50000)]
  0x000000001d491800 JavaThread "Cache worker for Java compile cache (C:\Users\Alba\.gradle\caches\5.4.1\javaCompile)" [_thread_blocked, id=17700, stack(0x0000000028200000,0x0000000028300000)]
  0x000000001d48e800 JavaThread "stdout" [_thread_in_native, id=15416, stack(0x0000000028650000,0x0000000028750000)]
  0x000000001d48d800 JavaThread "stderr" [_thread_in_native, id=12556, stack(0x0000000028550000,0x0000000028650000)]
  0x000000001d48d000 JavaThread "stdout" [_thread_in_native, id=7656, stack(0x0000000028450000,0x0000000028550000)]
  0x000000001d490000 JavaThread "stderr" [_thread_in_native, id=14960, stack(0x0000000028350000,0x0000000028450000)]
  0x000000001d48f000 JavaThread "stdout" [_thread_in_native, id=13028, stack(0x0000000028100000,0x0000000028200000)]
  0x000000001d48c000 JavaThread "stderr" [_thread_in_native, id=16636, stack(0x0000000028000000,0x0000000028100000)]
  0x000000001d484800 JavaThread "stdout" [_thread_in_native, id=14784, stack(0x0000000027f00000,0x0000000028000000)]
  0x000000001d485800 JavaThread "stderr" [_thread_in_native, id=2992, stack(0x0000000027e00000,0x0000000027f00000)]
  0x000000001d48b800 JavaThread "stdout" [_thread_in_native, id=1588, stack(0x0000000027d00000,0x0000000027e00000)]
  0x000000001d48a800 JavaThread "stderr" [_thread_in_native, id=11868, stack(0x0000000027b00000,0x0000000027c00000)]
  0x000000001d487800 JavaThread "stdout" [_thread_in_native, id=10928, stack(0x0000000027a00000,0x0000000027b00000)]
  0x000000001d483000 JavaThread "stderr" [_thread_in_native, id=6712, stack(0x0000000027900000,0x0000000027a00000)]
  0x000000001d48a000 JavaThread "stdout" [_thread_in_native, id=6764, stack(0x0000000027800000,0x0000000027900000)]
  0x000000001d489000 JavaThread "stderr" [_thread_in_native, id=8804, stack(0x0000000027700000,0x0000000027800000)]
  0x000000001d487000 JavaThread "stdout" [_thread_in_native, id=14724, stack(0x0000000027600000,0x0000000027700000)]
  0x000000001d488800 JavaThread "stderr" [_thread_in_native, id=14432, stack(0x0000000027160000,0x0000000027260000)]
  0x000000001d486000 JavaThread "WorkerExecutor Queue Thread 8" [_thread_blocked, id=264, stack(0x0000000026ef0000,0x0000000026ff0000)]
  0x000000001d484000 JavaThread "WorkerExecutor Queue Thread 7" [_thread_blocked, id=12352, stack(0x0000000027500000,0x0000000027600000)]
  0x0000000019a82000 JavaThread "WorkerExecutor Queue Thread 6" [_thread_blocked, id=18212, stack(0x0000000027400000,0x0000000027500000)]
  0x0000000019a7f000 JavaThread "WorkerExecutor Queue Thread 5" [_thread_blocked, id=3252, stack(0x0000000027300000,0x0000000027400000)]
  0x000000001a494800 JavaThread "WorkerExecutor Queue Thread 4" [_thread_in_Java, id=14440, stack(0x0000000027060000,0x0000000027160000)]
  0x000000001a494000 JavaThread "pool-5-thread-1" [_thread_blocked, id=3436, stack(0x0000000026df0000,0x0000000026ef0000)]
  0x000000001a493000 JavaThread "WorkerExecutor Queue Thread 3" [_thread_blocked, id=13180, stack(0x0000000026cf0000,0x0000000026df0000)]
  0x000000001a492800 JavaThread "WorkerExecutor Queue Thread 2" [_thread_blocked, id=16548, stack(0x0000000026bf0000,0x0000000026cf0000)]
  0x000000001a495800 JavaThread "WorkerExecutor Queue" [_thread_blocked, id=12752, stack(0x0000000026af0000,0x0000000026bf0000)]
  0x000000001a48f800 JavaThread "Cache worker for execution history cache (C:\Users\Alba\AndroidStudioProjects\Vachileski_Mobi\.gradle\5.4.1\executionHistory)" [_thread_blocked, id=6140, stack(0x00000000269f0000,0x0000000026af0000)]
  0x000000001a48e800 JavaThread "Execution worker for ':' Thread 7" [_thread_blocked, id=10504, stack(0x00000000268f0000,0x00000000269f0000)]
  0x000000001a489800 JavaThread "Execution worker for ':' Thread 6" [_thread_blocked, id=15200, stack(0x00000000267f0000,0x00000000268f0000)]
  0x000000001a48b800 JavaThread "Execution worker for ':' Thread 5" [_thread_blocked, id=3712, stack(0x00000000266f0000,0x00000000267f0000)]
  0x000000001a486800 JavaThread "Execution worker for ':' Thread 4" [_thread_blocked, id=1912, stack(0x00000000265f0000,0x00000000266f0000)]
  0x000000001a488800 JavaThread "Execution worker for ':' Thread 3" [_thread_blocked, id=11980, stack(0x00000000264f0000,0x00000000265f0000)]
  0x000000001a48d000 JavaThread "Execution worker for ':' Thread 2" [_thread_blocked, id=13004, stack(0x0000000025f30000,0x0000000026030000)]
  0x000000001a48c800 JavaThread "Execution worker for ':'" [_thread_blocked, id=16148, stack(0x0000000025a30000,0x0000000025b30000)]
  0x000000001a487000 JavaThread "Cache worker for file content cache (C:\Users\Alba\AndroidStudioProjects\Vachileski_Mobi\.gradle\5.4.1\fileContent)" [_thread_blocked, id=12724, stack(0x0000000025630000,0x0000000025730000)]
  0x000000001a488000 JavaThread "Cache worker for file content cache (C:\Users\Alba\.gradle\caches\5.4.1\fileContent)" [_thread_blocked, id=17956, stack(0x00000000250f0000,0x00000000251f0000)]
  0x0000000020ee8800 JavaThread "Cache worker for Build Output Cleanup Cache (C:\Users\Alba\AndroidStudioProjects\Vachileski_Mobi\.gradle\buildOutputCleanup)" [_thread_blocked, id=8196, stack(0x000000001f8a0000,0x000000001f9a0000)]
  0x0000000020ee5000 JavaThread "Build operations Thread 8" [_thread_blocked, id=17204, stack(0x0000000024ff0000,0x00000000250f0000)]
  0x0000000020ee8000 JavaThread "Build operations Thread 7" [_thread_blocked, id=16568, stack(0x0000000022bf0000,0x0000000022cf0000)]
  0x0000000020ee7000 JavaThread "Build operations Thread 6" [_thread_blocked, id=1684, stack(0x0000000022af0000,0x0000000022bf0000)]
  0x0000000020eea000 JavaThread "Build operations Thread 5" [_thread_blocked, id=15620, stack(0x00000000229f0000,0x0000000022af0000)]
  0x0000000020ee4000 JavaThread "Build operations Thread 4" [_thread_blocked, id=17260, stack(0x00000000228f0000,0x00000000229f0000)]
  0x0000000020ee6800 JavaThread "Build operations Thread 3" [_thread_blocked, id=2852, stack(0x00000000227f0000,0x00000000228f0000)]
  0x0000000020eeb000 JavaThread "Build operations Thread 2" [_thread_blocked, id=3304, stack(0x00000000226f0000,0x00000000227f0000)]
  0x0000000020ee5800 JavaThread "Build operations" [_thread_blocked, id=2892, stack(0x0000000022100000,0x0000000022200000)]
  0x0000000020ee9800 JavaThread "Cache worker for cache directory md-rule (C:\Users\Alba\.gradle\caches\5.4.1\md-rule)" [_thread_blocked, id=15140, stack(0x000000001f2c0000,0x000000001f3c0000)]
  0x0000000020edc800 JavaThread "Cache worker for cache directory md-supplier (C:\Users\Alba\.gradle\caches\5.4.1\md-supplier)" [_thread_blocked, id=14948, stack(0x000000001f1c0000,0x000000001f2c0000)]
  0x0000000020ee2000 JavaThread "Cache worker for file hash cache (C:\Users\Alba\AndroidStudioProjects\Vachileski_Mobi\.gradle\5.4.1\fileHashes)" [_thread_blocked, id=18216, stack(0x000000001b850000,0x000000001b950000)]
  0x0000000020edf000 JavaThread "Thread-66" [_thread_blocked, id=6512, stack(0x000000001b550000,0x000000001b650000)]
  0x0000000020ee1000 JavaThread "Stdin handler" [_thread_blocked, id=8912, stack(0x000000001b450000,0x000000001b550000)]
  0x0000000020ee0800 JavaThread "Asynchronous log dispatcher for DefaultDaemonConnection: socket connection from /127.0.0.1:54728 to /127.0.0.1:55074" [_thread_blocked, id=11068, stack(0x000000001b150000,0x000000001b250000)]
  0x0000000020edd800 JavaThread "Daemon worker Thread 3" [_thread_blocked, id=17024, stack(0x000000001b050000,0x000000001b150000)]
  0x0000000020ee3800 JavaThread "Cancel handler" [_thread_blocked, id=412, stack(0x00000000007e0000,0x00000000008e0000)]
  0x0000000020edc000 JavaThread "Handler for socket connection from /127.0.0.1:54728 to /127.0.0.1:55074" [_thread_in_native, id=1748, stack(0x00000000006e0000,0x00000000007e0000)]
  0x0000000020edf800 JavaThread "Daemon Thread 3" [_thread_blocked, id=17996, stack(0x00000000004d0000,0x00000000005d0000)]
  0x000000001a491000 JavaThread "Memory manager" [_thread_blocked, id=7020, stack(0x00000000234f0000,0x00000000235f0000)]
  0x000000001a48b000 JavaThread "Cache worker for execution history cache (C:\Users\Alba\.gradle\caches\5.4.1\executionHistory)" [_thread_blocked, id=7064, stack(0x0000000021e00000,0x0000000021f00000)]
  0x0000000019a7f800 JavaThread "Cache worker for journal cache (C:\Users\Alba\.gradle\caches\journal-1)" [_thread_blocked, id=17320, stack(0x000000001bb50000,0x000000001bc50000)]
  0x0000000019a85000 JavaThread "File lock request listener" [_thread_in_native, id=18028, stack(0x000000001ba50000,0x000000001bb50000)]
  0x0000000019b42000 JavaThread "Cache worker for file hash cache (C:\Users\Alba\.gradle\caches\5.4.1\fileHashes)" [_thread_blocked, id=1804, stack(0x000000001b950000,0x000000001ba50000)]
  0x0000000018116800 JavaThread "Daemon periodic checks" [_thread_blocked, id=17512, stack(0x000000001af50000,0x000000001b050000)]
  0x0000000018f15000 JavaThread "Incoming local TCP Connector on port 54728" [_thread_in_native, id=17248, stack(0x000000001acf0000,0x000000001adf0000)]
  0x0000000019c46000 JavaThread "Daemon health stats" [_thread_blocked, id=9096, stack(0x000000001a6b0000,0x000000001a7b0000)]
  0x000000001807f000 JavaThread "Service Thread" daemon [_thread_blocked, id=9080, stack(0x0000000018ce0000,0x0000000018de0000)]
  0x00000000161fe000 JavaThread "C1 CompilerThread3" daemon [_thread_in_native, id=16760, stack(0x0000000018be0000,0x0000000018ce0000)]
  0x0000000018004000 JavaThread "C2 CompilerThread2" daemon [_thread_in_native, id=1984, stack(0x0000000018ae0000,0x0000000018be0000)]
=>0x0000000017fff000 JavaThread "C2 CompilerThread1" daemon [_thread_in_native, id=14504, stack(0x00000000189e0000,0x0000000018ae0000)]
  0x0000000017ffc000 JavaThread "C2 CompilerThread0" daemon [_thread_in_native, id=15228, stack(0x00000000188e0000,0x00000000189e0000)]
  0x0000000017ff9000 JavaThread "Attach Listener" daemon [_thread_blocked, id=6604, stack(0x00000000187e0000,0x00000000188e0000)]
  0x0000000018005800 JavaThread "Signal Dispatcher" daemon [_thread_blocked, id=1400, stack(0x00000000186e0000,0x00000000187e0000)]
  0x000000000242e000 JavaThread "Finalizer" daemon [_thread_blocked, id=16852, stack(0x00000000184d0000,0x00000000185d0000)]
  0x00000000161ec800 JavaThread "Reference Handler" daemon [_thread_blocked, id=17824, stack(0x00000000183d0000,0x00000000184d0000)]
  0x000000000232e000 JavaThread "main" [_thread_blocked, id=8260, stack(0x0000000002200000,0x0000000002300000)]

Other Threads:
  0x00000000161e8000 VMThread [stack: 0x0000000017ed0000,0x0000000017fd0000] [id=16704]
  0x0000000018084000 WatcherThread [stack: 0x0000000018de0000,0x0000000018ee0000] [id=17524]

VM state:not at safepoint (normal execution)

VM Mutex/Monitor currently owned by a thread: None

heap address: 0x00000000a0000000, size: 1536 MB, Compressed Oops mode: 32-bit
Narrow klass base: 0x0000000000000000, Narrow klass shift: 3
Compressed class space size: 1073741824 Address: 0x0000000100000000

Heap:
 PSYoungGen      total 290816K, used 85710K [0x00000000e0000000, 0x00000000f5200000, 0x0000000100000000)
  eden space 269312K, 23% used [0x00000000e0000000,0x00000000e3eb6268,0x00000000f0700000)
  from space 21504K, 99% used [0x00000000f2200000,0x00000000f36fd778,0x00000000f3700000)
  to   space 27648K, 0% used [0x00000000f0700000,0x00000000f0700000,0x00000000f2200000)
 ParOldGen       total 120832K, used 42253K [0x00000000a0000000, 0x00000000a7600000, 0x00000000e0000000)
  object space 120832K, 34% used [0x00000000a0000000,0x00000000a29436f0,0x00000000a7600000)
 Metaspace       used 89275K, capacity 94130K, committed 94424K, reserved 1130496K
  class space    used 11775K, capacity 12684K, committed 12800K, reserved 1048576K

Card table byte_map: [0x00000000117f0000,0x0000000011b00000] byte_map_base: 0x00000000112f0000

Marking Bits: (ParMarkBitMap*) 0x000000006c549f30
 Begin Bits: [0x0000000012500000, 0x0000000013d00000)
 End Bits:   [0x0000000013d00000, 0x0000000015500000)

Polling page: 0x00000000008e0000

CodeCache: size=245760Kb used=44034Kb max_used=44034Kb free=201725Kb
 bounds [0x0000000002430000, 0x0000000004f70000, 0x0000000011430000]
 total_blobs=14376 nmethods=13498 adapters=790
 compilation: enabled

Compilation events (10 events):
Event: 3720.063 Thread 0x00000000161fe000 15443       3       com.android.tools.r8.dex.VirtualFile$c$$Lambda$1047/891047710::compare (16 bytes)
Event: 3720.063 Thread 0x00000000161fe000 nmethod 15443 0x0000000004f54f90 code [0x0000000004f55100, 0x0000000004f55468]
Event: 3720.063 Thread 0x00000000161fe000 15442       3       com.android.tools.r8.dex.VirtualFile::a (23 bytes)
Event: 3720.063 Thread 0x00000000161fe000 nmethod 15442 0x0000000004f55550 code [0x0000000004f55700, 0x0000000004f55c18]
Event: 3720.066 Thread 0x00000000161fe000 15445       3       java.util.Collections$SetFromMap::size (10 bytes)
Event: 3720.067 Thread 0x00000000161fe000 nmethod 15445 0x0000000004f55f50 code [0x0000000004f560c0, 0x0000000004f562e8]
Event: 3720.067 Thread 0x00000000161fe000 15446       3       com.android.tools.r8.dex.VirtualFile$g::b (17 bytes)
Event: 3720.067 Thread 0x00000000161fe000 nmethod 15446 0x0000000004f56390 code [0x0000000004f56520, 0x0000000004f569e8]
Event: 3720.067 Thread 0x00000000161fe000 15447       3       com.android.tools.r8.code.d0::a (11 bytes)
Event: 3720.068 Thread 0x00000000161fe000 nmethod 15447 0x0000000004f56bd0 code [0x0000000004f56d40, 0x0000000004f56f68]

GC Heap History (10 events):
Event: 11.205 GC heap before
{Heap before GC invocations=15 (full 3):
 PSYoungGen      total 195584K, used 848K [0x00000000e0000000, 0x00000000ef100000, 0x0000000100000000)
  eden space 177152K, 0% used [0x00000000e0000000,0x00000000e0000000,0x00000000ead00000)
  from space 18432K, 4% used [0x00000000ebf80000,0x00000000ec054010,0x00000000ed180000)
  to   space 18944K, 0% used [0x00000000ead00000,0x00000000ead00000,0x00000000ebf80000)
 ParOldGen       total 88576K, used 33796K [0x00000000a0000000, 0x00000000a5680000, 0x00000000e0000000)
  object space 88576K, 38% used [0x00000000a0000000,0x00000000a2101098,0x00000000a5680000)
 Metaspace       used 56985K, capacity 58974K, committed 59028K, reserved 1099776K
  class space    used 7809K, capacity 8266K, committed 8320K, reserved 1048576K
Event: 11.495 GC heap after
Heap after GC invocations=15 (full 3):
 PSYoungGen      total 195584K, used 0K [0x00000000e0000000, 0x00000000ef100000, 0x0000000100000000)
  eden space 177152K, 0% used [0x00000000e0000000,0x00000000e0000000,0x00000000ead00000)
  from space 18432K, 0% used [0x00000000ebf80000,0x00000000ebf80000,0x00000000ed180000)
  to   space 18944K, 0% used [0x00000000ead00000,0x00000000ead00000,0x00000000ebf80000)
 ParOldGen       total 120832K, used 27794K [0x00000000a0000000, 0x00000000a7600000, 0x00000000e0000000)
  object space 120832K, 23% used [0x00000000a0000000,0x00000000a1b249f0,0x00000000a7600000)
 Metaspace       used 56810K, capacity 58474K, committed 59028K, reserved 1099776K
  class space    used 7757K, capacity 8172K, committed 8320K, reserved 1048576K
}
Event: 432.256 GC heap before
{Heap before GC invocations=16 (full 3):
 PSYoungGen      total 195584K, used 177152K [0x00000000e0000000, 0x00000000ef100000, 0x0000000100000000)
  eden space 177152K, 100% used [0x00000000e0000000,0x00000000ead00000,0x00000000ead00000)
  from space 18432K, 0% used [0x00000000ebf80000,0x00000000ebf80000,0x00000000ed180000)
  to   space 18944K, 0% used [0x00000000ead00000,0x00000000ead00000,0x00000000ebf80000)
 ParOldGen       total 120832K, used 27794K [0x00000000a0000000, 0x00000000a7600000, 0x00000000e0000000)
  object space 120832K, 23% used [0x00000000a0000000,0x00000000a1b249f0,0x00000000a7600000)
 Metaspace       used 66870K, capacity 69402K, committed 69592K, reserved 1110016K
  class space    used 8877K, capacity 9394K, committed 9472K, reserved 1048576K
Event: 432.273 GC heap after
Heap after GC invocations=16 (full 3):
 PSYoungGen      total 196096K, used 16298K [0x00000000e0000000, 0x00000000f0b80000, 0x0000000100000000)
  eden space 177152K, 0% used [0x00000000e0000000,0x00000000e0000000,0x00000000ead00000)
  from space 18944K, 86% used [0x00000000ead00000,0x00000000ebceaac0,0x00000000ebf80000)
  to   space 20992K, 0% used [0x00000000ef700000,0x00000000ef700000,0x00000000f0b80000)
 ParOldGen       total 120832K, used 27802K [0x00000000a0000000, 0x00000000a7600000, 0x00000000e0000000)
  object space 120832K, 23% used [0x00000000a0000000,0x00000000a1b269f0,0x00000000a7600000)
 Metaspace       used 66870K, capacity 69402K, committed 69592K, reserved 1110016K
  class space    used 8877K, capacity 9394K, committed 9472K, reserved 1048576K
}
Event: 633.123 GC heap before
{Heap before GC invocations=17 (full 3):
 PSYoungGen      total 196096K, used 193450K [0x00000000e0000000, 0x00000000f0b80000, 0x0000000100000000)
  eden space 177152K, 100% used [0x00000000e0000000,0x00000000ead00000,0x00000000ead00000)
  from space 18944K, 86% used [0x00000000ead00000,0x00000000ebceaac0,0x00000000ebf80000)
  to   space 20992K, 0% used [0x00000000ef700000,0x00000000ef700000,0x00000000f0b80000)
 ParOldGen       total 120832K, used 27802K [0x00000000a0000000, 0x00000000a7600000, 0x00000000e0000000)
  object space 120832K, 23% used [0x00000000a0000000,0x00000000a1b269f0,0x00000000a7600000)
 Metaspace       used 72012K, capacity 74970K, committed 75096K, reserved 1114112K
  class space    used 9484K, capacity 10088K, committed 10112K, reserved 1048576K
Event: 633.133 GC heap after
Heap after GC invocations=17 (full 3):
 PSYoungGen      total 236544K, used 7462K [0x00000000e0000000, 0x00000000f0280000, 0x0000000100000000)
  eden space 224768K, 0% used [0x00000000e0000000,0x00000000e0000000,0x00000000edb80000)
  from space 11776K, 63% used [0x00000000ef700000,0x00000000efe49828,0x00000000f0280000)
  to   space 19968K, 0% used [0x00000000edb80000,0x00000000edb80000,0x00000000eef00000)
 ParOldGen       total 120832K, used 35243K [0x00000000a0000000, 0x00000000a7600000, 0x00000000e0000000)
  object space 120832K, 29% used [0x00000000a0000000,0x00000000a226ac60,0x00000000a7600000)
 Metaspace       used 72012K, capacity 74970K, committed 75096K, reserved 1114112K
  class space    used 9484K, capacity 10088K, committed 10112K, reserved 1048576K
}
Event: 3714.961 GC heap before
{Heap before GC invocations=18 (full 3):
 PSYoungGen      total 236544K, used 232230K [0x00000000e0000000, 0x00000000f0280000, 0x0000000100000000)
  eden space 224768K, 100% used [0x00000000e0000000,0x00000000edb80000,0x00000000edb80000)
  from space 11776K, 63% used [0x00000000ef700000,0x00000000efe49828,0x00000000f0280000)
  to   space 19968K, 0% used [0x00000000edb80000,0x00000000edb80000,0x00000000eef00000)
 ParOldGen       total 120832K, used 35243K [0x00000000a0000000, 0x00000000a7600000, 0x00000000e0000000)
  object space 120832K, 29% used [0x00000000a0000000,0x00000000a226ac60,0x00000000a7600000)
 Metaspace       used 74835K, capacity 78072K, committed 78296K, reserved 1118208K
  class space    used 9758K, capacity 10419K, committed 10496K, reserved 1048576K
Event: 3715.083 GC heap after
Heap after GC invocations=18 (full 3):
 PSYoungGen      total 244736K, used 16629K [0x00000000e0000000, 0x00000000f3700000, 0x0000000100000000)
  eden space 224768K, 0% used [0x00000000e0000000,0x00000000e0000000,0x00000000edb80000)
  from space 19968K, 83% used [0x00000000edb80000,0x00000000eebbd7d8,0x00000000eef00000)
  to   space 21504K, 0% used [0x00000000f2200000,0x00000000f2200000,0x00000000f3700000)
 ParOldGen       total 120832K, used 35251K [0x00000000a0000000, 0x00000000a7600000, 0x00000000e0000000)
  object space 120832K, 29% used [0x00000000a0000000,0x00000000a226cc60,0x00000000a7600000)
 Metaspace       used 74835K, capacity 78072K, committed 78296K, reserved 1118208K
  class space    used 9758K, capacity 10419K, committed 10496K, reserved 1048576K
}
Event: 3718.714 GC heap before
{Heap before GC invocations=19 (full 3):
 PSYoungGen      total 244736K, used 241397K [0x00000000e0000000, 0x00000000f3700000, 0x0000000100000000)
  eden space 224768K, 100% used [0x00000000e0000000,0x00000000edb80000,0x00000000edb80000)
  from space 19968K, 83% used [0x00000000edb80000,0x00000000eebbd7d8,0x00000000eef00000)
  to   space 21504K, 0% used [0x00000000f2200000,0x00000000f2200000,0x00000000f3700000)
 ParOldGen       total 120832K, used 35251K [0x00000000a0000000, 0x00000000a7600000, 0x00000000e0000000)
  object space 120832K, 29% used [0x00000000a0000000,0x00000000a226cc60,0x00000000a7600000)
 Metaspace       used 87886K, capacity 92460K, committed 92632K, reserved 1130496K
  class space    used 11567K, capacity 12449K, committed 12544K, reserved 1048576K
Event: 3718.985 GC heap after
Heap after GC invocations=19 (full 3):
 PSYoungGen      total 290816K, used 21493K [0x00000000e0000000, 0x00000000f5200000, 0x0000000100000000)
  eden space 269312K, 0% used [0x00000000e0000000,0x00000000e0000000,0x00000000f0700000)
  from space 21504K, 99% used [0x00000000f2200000,0x00000000f36fd778,0x00000000f3700000)
  to   space 27648K, 0% used [0x00000000f0700000,0x00000000f0700000,0x00000000f2200000)
 ParOldGen       total 120832K, used 42253K [0x00000000a0000000, 0x00000000a7600000, 0x00000000e0000000)
  object space 120832K, 34% used [0x00000000a0000000,0x00000000a29436f0,0x00000000a7600000)
 Metaspace       used 87886K, capacity 92460K, committed 92632K, reserved 1130496K
  class space    used 11567K, capacity 12449K, committed 12544K, reserved 1048576K
}

Deoptimization events (10 events):
Event: 3719.625 Thread 0x000000001a494800 Uncommon trap: reason=class_check action=maybe_recompile pc=0x00000000044e122c method=java.util.Spliterators$1Adapter.hasNext()Z @ 12
Event: 3719.631 Thread 0x000000001a494800 Uncommon trap: reason=class_check action=maybe_recompile pc=0x00000000044e122c method=java.util.Spliterators$1Adapter.hasNext()Z @ 12
Event: 3719.642 Thread 0x000000001a494800 Uncommon trap: reason=class_check action=maybe_recompile pc=0x00000000044e122c method=java.util.Spliterators$1Adapter.hasNext()Z @ 12
Event: 3719.887 Thread 0x000000001a494800 Uncommon trap: reason=unstable_if action=reinterpret pc=0x00000000033d6d94 method=java.nio.Bits.getShort(Ljava/nio/ByteBuffer;IZ)S @ 1
Event: 3719.997 Thread 0x0000000021463800 Uncommon trap: reason=unstable_if action=reinterpret pc=0x00000000028c14f0 method=java.util.Arrays.hashCode([Ljava/lang/Object;)I @ 1
Event: 3719.997 Thread 0x0000000021461000 Uncommon trap: reason=unstable_if action=reinterpret pc=0x00000000028c14f0 method=java.util.Arrays.hashCode([Ljava/lang/Object;)I @ 1
Event: 3719.997 Thread 0x0000000021466800 Uncommon trap: reason=unstable_if action=reinterpret pc=0x00000000028c14f0 method=java.util.Arrays.hashCode([Ljava/lang/Object;)I @ 1
Event: 3719.997 Thread 0x0000000021465800 Uncommon trap: reason=unstable_if action=reinterpret pc=0x00000000028c14f0 method=java.util.Arrays.hashCode([Ljava/lang/Object;)I @ 1
Event: 3720.014 Thread 0x0000000021466800 Uncommon trap: reason=unstable_if action=reinterpret pc=0x0000000004bd3784 method=com.android.tools.r8.graph.DexString.slowCompareTo(Lcom/android/tools/r8/graph/DexString;)I @ 141
Event: 3720.051 Thread 0x000000001a494800 Uncommon trap: reason=predicate action=maybe_recompile pc=0x0000000004efba74 method=java.util.TimSort.reverseRange([Ljava/lang/Object;II)V @ 8

Classes redefined (0 events):
No events

Internal exceptions (10 events):
Event: 3719.460 Thread 0x000000001a495800 Exception <a 'sun/nio/fs/WindowsException'> (0x00000000e18b4d20) thrown at [D:\src\AOSP-openjdk-cygwin\jdk8u\hotspot\src\share\vm\prims\jni.cpp, line 710]
Event: 3719.463 Thread 0x000000001a495800 Exception <a 'sun/nio/fs/WindowsException'> (0x00000000e18c0e68) thrown at [D:\src\AOSP-openjdk-cygwin\jdk8u\hotspot\src\share\vm\prims\jni.cpp, line 710]
Event: 3719.570 Thread 0x000000001a48c800 Implicit null exception at 0x0000000002c39e60 to 0x0000000002c3a09d
Event: 3719.572 Thread 0x000000001a48c800 Exception <a 'java/lang/NoSuchMethodError': <clinit>> (0x00000000e229ae00) thrown at [D:\src\AOSP-openjdk-cygwin\jdk8u\hotspot\src\share\vm\prims\jni.cpp, line 1614]
Event: 3719.574 Thread 0x000000001a48c800 Exception <a 'java/lang/NoSuchMethodError': <clinit>> (0x00000000e22adea0) thrown at [D:\src\AOSP-openjdk-cygwin\jdk8u\hotspot\src\share\vm\prims\jni.cpp, line 1614]
Event: 3719.880 Thread 0x000000001a494800 Exception <a 'sun/nio/fs/WindowsException'> (0x00000000e2efb268) thrown at [D:\src\AOSP-openjdk-cygwin\jdk8u\hotspot\src\share\vm\prims\jni.cpp, line 710]
Event: 3719.997 Thread 0x0000000021463800 Implicit null exception at 0x00000000028c13ef to 0x00000000028c14e1
Event: 3719.997 Thread 0x0000000021461000 Implicit null exception at 0x00000000028c13ef to 0x00000000028c14e1
Event: 3719.997 Thread 0x0000000021466800 Implicit null exception at 0x00000000028c13ef to 0x00000000028c14e1
Event: 3719.997 Thread 0x0000000021465800 Implicit null exception at 0x00000000028c13ef to 0x00000000028c14e1

Events (10 events):
Event: 3720.063 loading class com/android/tools/r8/dex/VirtualFile$i
Event: 3720.063 loading class com/android/tools/r8/dex/VirtualFile$i done
Event: 3720.064 loading class com/android/tools/r8/dex/VirtualFile$j
Event: 3720.064 loading class com/android/tools/r8/dex/VirtualFile$j done
Event: 3720.064 loading class com/android/tools/r8/m/a/a/b/I0
Event: 3720.064 loading class com/android/tools/r8/m/a/a/b/I0 done
Event: 3720.065 loading class com/android/tools/r8/m/a/a/b/Q0
Event: 3720.065 loading class com/android/tools/r8/m/a/a/b/Q0 done
Event: 3720.065 loading class com/android/tools/r8/m/a/a/b/M0
Event: 3720.065 loading class com/android/tools/r8/m/a/a/b/M0 done


Dynamic libraries:
0x00007ff725620000 - 0x00007ff725651000 	C:\Program Files\Android\Android Studio\jre\bin\java.exe
0x00007ffc536a0000 - 0x00007ffc53890000 	C:\WINDOWS\SYSTEM32\ntdll.dll
0x00007ffc52a60000 - 0x00007ffc52b12000 	C:\WINDOWS\System32\KERNEL32.DLL
0x00007ffc508a0000 - 0x00007ffc50b43000 	C:\WINDOWS\System32\KERNELBASE.dll
0x00007ffc52870000 - 0x00007ffc52913000 	C:\WINDOWS\System32\ADVAPI32.dll
0x00007ffc53130000 - 0x00007ffc531ce000 	C:\WINDOWS\System32\msvcrt.dll
0x00007ffc51f30000 - 0x00007ffc51fc7000 	C:\WINDOWS\System32\sechost.dll
0x00007ffc52bb0000 - 0x00007ffc52cd0000 	C:\WINDOWS\System32\RPCRT4.dll
0x00007ffc531d0000 - 0x00007ffc53363000 	C:\WINDOWS\System32\USER32.dll
0x00007ffc50700000 - 0x00007ffc50721000 	C:\WINDOWS\System32\win32u.dll
0x00007ffc53100000 - 0x00007ffc53126000 	C:\WINDOWS\System32\GDI32.dll
0x00007ffc50b50000 - 0x00007ffc50ce4000 	C:\WINDOWS\System32\gdi32full.dll
0x00007ffc50730000 - 0x00007ffc507ce000 	C:\WINDOWS\System32\msvcp_win.dll
0x00007ffc50cf0000 - 0x00007ffc50dea000 	C:\WINDOWS\System32\ucrtbase.dll
0x00007ffc3f0d0000 - 0x00007ffc3f355000 	C:\WINDOWS\WinSxS\amd64_microsoft.windows.common-controls_6595b64144ccf1df_6.0.18362.356_none_e6c4af7d130f27cc\COMCTL32.dll
0x00007ffc52d60000 - 0x00007ffc53096000 	C:\WINDOWS\System32\combase.dll
0x00007ffc507d0000 - 0x00007ffc50850000 	C:\WINDOWS\System32\bcryptPrimitives.dll
0x00007ffc52b20000 - 0x00007ffc52b4e000 	C:\WINDOWS\System32\IMM32.DLL
0x000000006bca0000 - 0x000000006bd72000 	C:\Program Files\Android\Android Studio\jre\jre\bin\msvcr100.dll
0x000000006bd80000 - 0x000000006c5c6000 	C:\Program Files\Android\Android Studio\jre\jre\bin\server\jvm.dll
0x00007ffc52cd0000 - 0x00007ffc52cd8000 	C:\WINDOWS\System32\PSAPI.DLL
0x00007ffc39c80000 - 0x00007ffc39c89000 	C:\WINDOWS\SYSTEM32\WSOCK32.dll
0x00007ffc529f0000 - 0x00007ffc52a5f000 	C:\WINDOWS\System32\WS2_32.dll
0x00007ffc49e40000 - 0x00007ffc49e64000 	C:\WINDOWS\SYSTEM32\WINMM.dll
0x00007ffc45a90000 - 0x00007ffc45a9a000 	C:\WINDOWS\SYSTEM32\VERSION.dll
0x00007ffc49e10000 - 0x00007ffc49e3d000 	C:\WINDOWS\SYSTEM32\WINMMBASE.dll
0x00007ffc50850000 - 0x00007ffc5089a000 	C:\WINDOWS\System32\cfgmgr32.dll
0x00007ffc48260000 - 0x00007ffc4826f000 	C:\Program Files\Android\Android Studio\jre\jre\bin\verify.dll
0x00007ffc39d50000 - 0x00007ffc39d79000 	C:\Program Files\Android\Android Studio\jre\jre\bin\java.dll
0x00007ffc42580000 - 0x00007ffc42596000 	C:\Program Files\Android\Android Studio\jre\jre\bin\zip.dll
0x00007ffc51840000 - 0x00007ffc51f25000 	C:\WINDOWS\System32\SHELL32.dll
0x00007ffc533f0000 - 0x00007ffc53499000 	C:\WINDOWS\System32\shcore.dll
0x00007ffc50e20000 - 0x00007ffc5159e000 	C:\WINDOWS\System32\windows.storage.dll
0x00007ffc505d0000 - 0x00007ffc505ef000 	C:\WINDOWS\System32\profapi.dll
0x00007ffc50580000 - 0x00007ffc505ca000 	C:\WINDOWS\System32\powrprof.dll
0x00007ffc50570000 - 0x00007ffc50580000 	C:\WINDOWS\System32\UMPDC.dll
0x00007ffc530a0000 - 0x00007ffc530f2000 	C:\WINDOWS\System32\shlwapi.dll
0x00007ffc505f0000 - 0x00007ffc50601000 	C:\WINDOWS\System32\kernel.appcore.dll
0x00007ffc506e0000 - 0x00007ffc506f7000 	C:\WINDOWS\System32\cryptsp.dll
0x00007ffc39f00000 - 0x00007ffc39f1a000 	C:\Program Files\Android\Android Studio\jre\jre\bin\net.dll
0x00007ffc4fde0000 - 0x00007ffc4fe47000 	C:\WINDOWS\system32\mswsock.dll
0x00007ffc39e60000 - 0x00007ffc39e71000 	C:\Program Files\Android\Android Studio\jre\jre\bin\nio.dll
0x00007ffc375f0000 - 0x00007ffc37616000 	C:\Users\Alba\.gradle\native\29\windows-amd64\native-platform.dll
0x00007ffc48250000 - 0x00007ffc4825d000 	C:\Program Files\Android\Android Studio\jre\jre\bin\management.dll
0x00007ffc4f950000 - 0x00007ffc4f983000 	C:\WINDOWS\system32\rsaenh.dll
0x00007ffc50df0000 - 0x00007ffc50e16000 	C:\WINDOWS\System32\bcrypt.dll
0x00007ffc50460000 - 0x00007ffc50485000 	C:\WINDOWS\SYSTEM32\USERENV.dll
0x00007ffc4ffb0000 - 0x00007ffc4ffbc000 	C:\WINDOWS\SYSTEM32\CRYPTBASE.dll
0x00007ffc4faf0000 - 0x00007ffc4fb2a000 	C:\WINDOWS\SYSTEM32\IPHLPAPI.DLL
0x00007ffc53650000 - 0x00007ffc53658000 	C:\WINDOWS\System32\NSI.dll
0x00007ffc45c50000 - 0x00007ffc45c66000 	C:\WINDOWS\SYSTEM32\dhcpcsvc6.DLL
0x00007ffc46b40000 - 0x00007ffc46b5c000 	C:\WINDOWS\SYSTEM32\dhcpcsvc.DLL
0x00007ffc4fb30000 - 0x00007ffc4fbfa000 	C:\WINDOWS\SYSTEM32\DNSAPI.dll

VM Arguments:
jvm_args: -Xmx1536m -Dfile.encoding=windows-1252 -Duser.country=BR -Duser.language=pt -Duser.variant 
java_command: org.gradle.launcher.daemon.bootstrap.GradleDaemon 5.4.1
java_class_path (initial): C:\Users\Alba\.gradle\wrapper\dists\gradle-5.4.1-all\3221gyojl5jsh0helicew7rwx\gradle-5.4.1\lib\gradle-launcher-5.4.1.jar
Launcher Type: SUN_STANDARD

Environment Variables:
PATH=C:\Program Files (x86)\CollabNet;C:\Program Files (x86)\Embarcadero\Studio\15.0\bin;C:\Users\Public\Documents\Embarcadero\Studio\15.0\Bpl;C:\Program Files (x86)\Embarcadero\Studio\15.0\bin64;C:\Users\Public\Documents\Embarcadero\Studio\15.0\Bpl\Win64;C:\Program Files (x86)\Common Files\Oracle\Java\javapath;C:\WINDOWS\system32;C:\WINDOWS;C:\WINDOWS\System32\Wbem;C:\WINDOWS\System32\WindowsPowerShell\v1.0\;C:\WINDOWS\System32\OpenSSH\;C:\Program Files\PuTTY\;C:\Program Files (x86)\Microsoft SQL Server\Client SDK\ODBC\130\Tools\Binn\;C:\Program Files (x86)\Microsoft SQL Server\130\Tools\Binn\;C:\Program Files (x86)\Microsoft SQL Server\130\DTS\Binn\;C:\Program Files (x86)\Microsoft SQL Server\130\Tools\Binn\ManagementStudio\;C:\Users\Alba\AppData\Local\Microsoft\WindowsApps;
USERNAME=TI
OS=Windows_NT
PROCESSOR_IDENTIFIER=Intel64 Family 6 Model 142 Stepping 10, GenuineIntel



---------------  S Y S T E M  ---------------

OS: Windows 10.0 , 64 bit Build 18362 (10.0.18362.329)

CPU:total 8 (initial active 8) (4 cores per cpu, 2 threads per core) family 6 model 142 stepping 10, cmov, cx8, fxsr, mmx, sse, sse2, sse3, ssse3, sse4.1, sse4.2, popcnt, avx, avx2, aes, clmul, erms, 3dnowpref, lzcnt, ht, tsc, tscinvbit, bmi1, bmi2, adx

Memory: 4k page, physical 8261220k(336656k free), swap 12455524k(3492k free)

vm_info: OpenJDK 64-Bit Server VM (25.202-b03) for windows-amd64 JRE (1.8.0_202-release-1483-b03), built by "builder" with MS VC++ 10.0 (VS2010)

time: Fri Sep 27 08:56:18 2019
timezone: Hora oficial do Brasil
elapsed time: 3720 seconds (0d 1h 2m 0s)

